<?xml version="1.0" encoding="UTF-8"?>
<!-- Generated by org.testng.reporters.JUnitReportReporter -->
<testsuite hostname="HP-LAPTOP" failures="0" tests="1" name="map_API.ComplexJsonParsingSumValidation" time="1.289" errors="0" timestamp="25 Jul 2024 06:01:20 GMT">
  <testcase classname="map_API.ComplexJsonParsingSumValidation" name="sumOfCourses" time="1.289"/>
</testsuite>
