<?xml version="1.0" encoding="UTF-8"?>
<!-- Generated by org.testng.reporters.JUnitReportReporter -->
<testsuite hostname="HP-LAPTOP" failures="0" tests="1" name="bookLibrary.DynamicJson" time="3.127" errors="0" timestamp="25 Jul 2024 15:41:26 GMT">
  <testcase classname="bookLibrary.DynamicJson" name="addBook" time="3.127"/>
</testsuite>
